<?xml version="1.0" encoding="UTF-8"?>
<!-- Generated by org.testng.reporters.JUnitReportReporter -->
<testsuite hostname="SSTLAP357" failures="0" tests="1" name="Ecomm_App_practice.Ecomm_TC_4_Hybrid" time="55.422" errors="0" timestamp="8 Oct 2024 07:35:59 GMT">
  <testcase classname="Ecomm_App_practice.Ecomm_TC_4_Hybrid" name="Goodle_Page" time="55.422"/>
</testsuite> <!-- Ecomm_App_practice.Ecomm_TC_4_Hybrid -->
