<?xml version="1.0" encoding="UTF-8"?>
<!-- Generated by org.testng.reporters.JUnitReportReporter -->
<testsuite hostname="SSTLAP357" failures="0" tests="1" name="LearnMobileTesting.Appium.App_Package_and_Activity" time="9.454" errors="0" timestamp="11 Oct 2024 07:41:32 GMT">
  <testcase classname="LearnMobileTesting.Appium.App_Package_and_Activity" name="Miscellanous" time="9.454"/>
</testsuite> <!-- LearnMobileTesting.Appium.App_Package_and_Activity -->
