<?xml version="1.0" encoding="UTF-8"?>
<!-- Generated by org.testng.reporters.JUnitReportReporter -->
<testsuite hostname="SSTLAP357" failures="0" tests="1" name="Ecomm_App_practice.Ecomm_TC_3" time="38.369" errors="0" timestamp="3 Oct 2024 11:28:45 GMT">
  <testcase classname="Ecomm_App_practice.Ecomm_TC_3" name="FillForm" time="38.369"/>
</testsuite> <!-- Ecomm_App_practice.Ecomm_TC_3 -->
