<?xml version="1.0" encoding="UTF-8"?>
<!-- Generated by org.testng.reporters.JUnitReportReporter -->
<testsuite ignored="0" hostname="SSTLAP357" failures="0" tests="1" name="Ecomm_App_practice.General_Store" time="43.509" errors="0" timestamp="01 Oct 2024 07:06:29 GMT" skipped="0">
  <testcase classname="Ecomm_App_practice.General_Store" name="General_Store_App" time="43.509"/>
</testsuite> <!-- Ecomm_App_practice.General_Store -->
