<?xml version="1.0" encoding="UTF-8"?>
<!-- Generated by org.testng.reporters.JUnitReportReporter -->
<testsuite ignored="0" hostname="SSTLAP357" failures="0" tests="1" name="LearnMobileTesting.Appium.ScrollAction" time="8.594" errors="0" timestamp="26 Sep 2024 11:17:33 GMT" skipped="0">
  <testcase classname="LearnMobileTesting.Appium.ScrollAction" name="Scrolling" time="8.594"/>
</testsuite> <!-- LearnMobileTesting.Appium.ScrollAction -->
