<?xml version="1.0" encoding="UTF-8"?>
<!-- Generated by org.testng.reporters.JUnitReportReporter -->
<testsuite ignored="0" hostname="SSTLAP357" failures="0" tests="1" name="LearnMobileTesting.Appium.ScrollView" time="35.352" errors="0" timestamp="23 Sep 2024 13:17:17 GMT" skipped="0">
  <testcase classname="LearnMobileTesting.Appium.ScrollView" name="Scrolling" time="35.352"/>
</testsuite> <!-- LearnMobileTesting.Appium.ScrollView -->
