<?xml version="1.0" encoding="UTF-8"?>
<!-- Generated by org.testng.reporters.JUnitReportReporter -->
<testsuite ignored="0" hostname="SSTLAP357" failures="0" tests="1" name="Ecomm_App_practice.Ecomm_TC_2" time="60.593" errors="0" timestamp="27 Sep 2024 15:10:03 GMT" skipped="0">
  <testcase classname="Ecomm_App_practice.Ecomm_TC_2" name="General_Store_App" time="60.593"/>
</testsuite> <!-- Ecomm_App_practice.Ecomm_TC_2 -->
