<?xml version="1.0" encoding="UTF-8"?>
<!-- Generated by org.testng.reporters.JUnitReportReporter -->
<testsuite ignored="0" hostname="SSTLAP357" failures="0" tests="1" name="Ecomm_App_practice.General_Store" time="42.763" errors="0" timestamp="27 Sep 2024 08:08:48 GMT" skipped="0">
  <testcase classname="Ecomm_App_practice.General_Store" name="General_Store_App" time="42.763"/>
</testsuite> <!-- Ecomm_App_practice.General_Store -->
