<?xml version="1.0" encoding="UTF-8"?>
<!-- Generated by org.testng.reporters.JUnitReportReporter -->
<testsuite ignored="0" hostname="SSTLAP357" failures="0" tests="1" name="LearnMobileTesting.Appium.MiscellanousAppiumActions" time="17.038" errors="0" timestamp="25 Sep 2024 06:46:04 GMT" skipped="0">
  <testcase classname="LearnMobileTesting.Appium.MiscellanousAppiumActions" name="Miscellanous" time="17.038"/>
</testsuite> <!-- LearnMobileTesting.Appium.MiscellanousAppiumActions -->
