<?xml version="1.0" encoding="UTF-8"?>
<!-- Generated by org.testng.reporters.JUnitReportReporter -->
<testsuite ignored="0" hostname="SSTLAP357" failures="0" tests="1" name="LearnMobileTesting.Appium.DragandDrop" time="7.157" errors="0" timestamp="24 Sep 2024 11:29:07 GMT" skipped="0">
  <testcase classname="LearnMobileTesting.Appium.DragandDrop" name="DargandDropTest" time="7.157"/>
</testsuite> <!-- LearnMobileTesting.Appium.DragandDrop -->
