<?xml version="1.0" encoding="UTF-8"?>
<!-- Generated by org.testng.reporters.JUnitReportReporter -->
<testsuite hostname="SSTLAP357" failures="0" tests="1" name="Browser_Automation.Browser_BaseClass" time="4.219" errors="0" timestamp="8 Oct 2024 13:31:03 GMT">
  <testcase classname="Browser_Automation.Browser_BaseClass" name="Browser_Test" time="4.219"/>
</testsuite> <!-- Browser_Automation.Browser_BaseClass -->
