<?xml version="1.0" encoding="UTF-8"?>
<!-- Generated by org.testng.reporters.JUnitReportReporter -->
<testsuite hostname="SSTLAP357" failures="0" tests="1" name="Browser_Automation.Browser_BaseClass" time="4.338" errors="0" timestamp="9 Oct 2024 08:19:05 GMT">
  <testcase classname="Browser_Automation.Browser_BaseClass" name="Browser_Test" time="4.338"/>
</testsuite> <!-- Browser_Automation.Browser_BaseClass -->
