<?xml version="1.0" encoding="UTF-8"?>
<!-- Generated by org.testng.reporters.JUnitReportReporter -->
<testsuite ignored="0" hostname="SSTLAP357" failures="0" tests="1" name="LearnMobileTesting.Appium.Swipe" time="7.693" errors="0" timestamp="24 Sep 2024 07:49:18 GMT" skipped="0">
  <testcase classname="LearnMobileTesting.Appium.Swipe" name="Swipe_Demo" time="7.693"/>
</testsuite> <!-- LearnMobileTesting.Appium.Swipe -->
