<?xml version="1.0" encoding="UTF-8"?>
<!-- Generated by org.testng.reporters.JUnitReportReporter -->
<testsuite hostname="SSTLAP357" failures="0" tests="1" name="LearnMobileTesting.Appium.App_Package_and_Activity" time="0.001" errors="1" timestamp="8 Oct 2024 13:04:06 GMT">
  <testcase classname="LearnMobileTesting.Appium.App_Package_and_Activity" name="Miscellanous" time="0.001">
    <error message="Appium HTTP server is not listening at http://192.168.4.19:4723/ after 20000 ms timeout. Consider increasing the server startup timeout value and check the server log for possible error messages occurrences.
Node.js executable path: C:\Program Files\nodejs\node.exe
Arguments: [C:\Users\arun.kumar\AppData\Roaming\npm\node_modules\appium\build\lib\main.js, --port, 4723, --address, 192.168.4.19]
Server log: [38;5;112m[Appium][0m Welcome to Appium v2.11.4
[38;5;112m[Appium][0m Non-default server args:
[38;5;112m[Appium][0m { address: [32m&#039;192.168.4.19&#039;[39m }
[38;5;112m[Appium][0m The autodetected Appium home path: C:\Users\arun.kumar\.appium
[38;5;112m[Appium][0m Attempting to load driver uiautomator2...
[38;5;112m[Appium][0m Requiring driver at C:\Users\arun.kumar\.appium\node_modules\appium-uiautomator2-driver\build\index.js
[38;5;112m[Appium][0m AndroidUiautomator2Driver has been successfully loaded in 3.272s
[38;5;86m[HTTP][0m Could not start REST http interface listener. Requested address is not available.
[38;5;112m[Appium][0m Could not configure Appium server. It&#039;s possible that a driver or plugin tried to update the server and failed. Original error: listen EADDRNOTAVAIL: address not available 192.168.4.19:4723
[38;5;112m[Appium][0m Error: listen EADDRNOTAVAIL: address not available 192.168.4.19:4723
    at Server.setupListenHandle [as _listen2] (node:net:1886:21)
    at listenInCluster (node:net:1965:12)
    at node:net:2171:7
    at processTicksAndRejections (node:internal/process/task_queues:90:21)
" type="io.appium.java_client.service.local.AppiumServerHasNotBeenStartedLocallyException">
      <![CDATA[io.appium.java_client.service.local.AppiumServerHasNotBeenStartedLocallyException: Appium HTTP server is not listening at http://192.168.4.19:4723/ after 20000 ms timeout. Consider increasing the server startup timeout value and check the server log for possible error messages occurrences.
Node.js executable path: C:\Program Files\nodejs\node.exe
Arguments: [C:\Users\arun.kumar\AppData\Roaming\npm\node_modules\appium\build\lib\main.js, --port, 4723, --address, 192.168.4.19]
Server log: [38;5;112m[Appium][0m Welcome to Appium v2.11.4
[38;5;112m[Appium][0m Non-default server args:
[38;5;112m[Appium][0m { address: [32m'192.168.4.19'[39m }
[38;5;112m[Appium][0m The autodetected Appium home path: C:\Users\arun.kumar\.appium
[38;5;112m[Appium][0m Attempting to load driver uiautomator2...
[38;5;112m[Appium][0m Requiring driver at C:\Users\arun.kumar\.appium\node_modules\appium-uiautomator2-driver\build\index.js
[38;5;112m[Appium][0m AndroidUiautomator2Driver has been successfully loaded in 3.272s
[38;5;86m[HTTP][0m Could not start REST http interface listener. Requested address is not available.
[38;5;112m[Appium][0m Could not configure Appium server. It's possible that a driver or plugin tried to update the server and failed. Original error: listen EADDRNOTAVAIL: address not available 192.168.4.19:4723
[38;5;112m[Appium][0m Error: listen EADDRNOTAVAIL: address not available 192.168.4.19:4723
    at Server.setupListenHandle [as _listen2] (node:net:1886:21)
    at listenInCluster (node:net:1965:12)
    at node:net:2171:7
    at processTicksAndRejections (node:internal/process/task_queues:90:21)

	at io.appium.java_client.service.local.AppiumDriverLocalService.start(AppiumDriverLocalService.java:192)
	at LearnMobileTesting.Appium.BasicClass.ConfigureAppium(BasicClass.java:33)
	at java.base/jdk.internal.reflect.NativeMethodAccessorImpl.invoke0(Native Method)
	at java.base/jdk.internal.reflect.NativeMethodAccessorImpl.invoke(NativeMethodAccessorImpl.java:62)
	at java.base/jdk.internal.reflect.DelegatingMethodAccessorImpl.invoke(DelegatingMethodAccessorImpl.java:43)
	at java.base/java.lang.reflect.Method.invoke(Method.java:566)
	at org.testng.internal.MethodInvocationHelper.invokeMethod(MethodInvocationHelper.java:86)
	at org.testng.internal.Invoker.invokeConfigurationMethod(Invoker.java:514)
	at org.testng.internal.Invoker.invokeConfigurations(Invoker.java:215)
	at org.testng.internal.Invoker.invokeConfigurations(Invoker.java:142)
	at org.testng.internal.TestMethodWorker.invokeBeforeClassMethods(TestMethodWorker.java:178)
	at org.testng.internal.TestMethodWorker.run(TestMethodWorker.java:108)
	at org.testng.TestRunner.privateRun(TestRunner.java:782)
	at org.testng.TestRunner.run(TestRunner.java:632)
	at org.testng.SuiteRunner.runTest(SuiteRunner.java:366)
	at org.testng.SuiteRunner.runSequentially(SuiteRunner.java:361)
	at org.testng.SuiteRunner.privateRun(SuiteRunner.java:319)
	at org.testng.SuiteRunner.run(SuiteRunner.java:268)
	at org.testng.SuiteRunnerWorker.runSuite(SuiteRunnerWorker.java:52)
	at org.testng.SuiteRunnerWorker.run(SuiteRunnerWorker.java:86)
	at org.testng.TestNG.runSuitesSequentially(TestNG.java:1244)
	at org.testng.TestNG.runSuitesLocally(TestNG.java:1169)
	at org.testng.TestNG.run(TestNG.java:1064)
	at org.testng.remote.RemoteTestNG.run(RemoteTestNG.java:113)
	at org.testng.remote.RemoteTestNG.initAndRun(RemoteTestNG.java:206)
	at org.testng.remote.RemoteTestNG.main(RemoteTestNG.java:177)
Caused by: io.appium.java_client.service.local.AppiumServerAvailabilityChecker$ConnectionTimeout: ConnectionTimeout
	at io.appium.java_client.service.local.AppiumServerAvailabilityChecker.waitUntilAvailable(AppiumServerAvailabilityChecker.java:72)
	at io.appium.java_client.service.local.AppiumDriverLocalService.ping(AppiumDriverLocalService.java:144)
	at io.appium.java_client.service.local.AppiumDriverLocalService.start(AppiumDriverLocalService.java:185)
	... 25 more
Caused by: java.net.SocketTimeoutException: connect timed out
	at java.base/java.net.PlainSocketImpl.waitForConnect(Native Method)
	at java.base/java.net.PlainSocketImpl.socketConnect(PlainSocketImpl.java:107)
	at java.base/java.net.AbstractPlainSocketImpl.doConnect(AbstractPlainSocketImpl.java:412)
	at java.base/java.net.AbstractPlainSocketImpl.connectToAddress(AbstractPlainSocketImpl.java:255)
	at java.base/java.net.AbstractPlainSocketImpl.connect(AbstractPlainSocketImpl.java:237)
	at java.base/java.net.Socket.connect(Socket.java:608)
	at java.base/sun.net.NetworkClient.doConnect(NetworkClient.java:177)
	at java.base/sun.net.www.http.HttpClient.openServer(HttpClient.java:474)
	at java.base/sun.net.www.http.HttpClient.openServer(HttpClient.java:569)
	at java.base/sun.net.www.http.HttpClient.<init>(HttpClient.java:242)
	at java.base/sun.net.www.http.HttpClient.New(HttpClient.java:341)
	at java.base/sun.net.www.http.HttpClient.New(HttpClient.java:362)
	at java.base/sun.net.www.protocol.http.HttpURLConnection.getNewHttpClient(HttpURLConnection.java:1253)
	at java.base/sun.net.www.protocol.http.HttpURLConnection.plainConnect0(HttpURLConnection.java:1187)
	at java.base/sun.net.www.protocol.http.HttpURLConnection.plainConnect(HttpURLConnection.java:1081)
	at java.base/sun.net.www.protocol.http.HttpURLConnection.connect(HttpURLConnection.java:1015)
	at io.appium.java_client.service.local.AppiumServerAvailabilityChecker.connectToUrl(AppiumServerAvailabilityChecker.java:79)
	at io.appium.java_client.service.local.AppiumServerAvailabilityChecker.waitUntilAvailable(AppiumServerAvailabilityChecker.java:61)
	... 27 more
]]>
    </error>
  </testcase> <!-- Miscellanous -->
</testsuite> <!-- LearnMobileTesting.Appium.App_Package_and_Activity -->
