<?xml version="1.0" encoding="UTF-8"?>
<!-- Generated by org.testng.reporters.JUnitReportReporter -->
<testsuite hostname="SSTLAP357" failures="0" tests="1" name="Browser_Automation.Browser_Test" time="3.555" errors="0" timestamp="9 Oct 2024 08:31:15 GMT">
  <testcase classname="Browser_Automation.Browser_Test" name="Browser_Test" time="3.555"/>
</testsuite> <!-- Browser_Automation.Browser_Test -->
