<?xml version="1.0" encoding="UTF-8"?>
<!-- Generated by org.testng.reporters.JUnitReportReporter -->
<testsuite ignored="0" hostname="SSTLAP357" failures="0" tests="1" name="LearnMobileTesting.Appium.App_Package_and_Activity" time="9.248" errors="0" timestamp="26 Sep 2024 11:16:50 GMT" skipped="0">
  <testcase classname="LearnMobileTesting.Appium.App_Package_and_Activity" name="Miscellanous" time="9.248"/>
</testsuite> <!-- LearnMobileTesting.Appium.App_Package_and_Activity -->
