<?xml version="1.0" encoding="UTF-8"?>
<!-- Generated by org.testng.reporters.JUnitReportReporter -->
<testsuite hostname="SSTLAP357" failures="0" tests="1" name="Real_Device.Android_Device" time="0.001" errors="1" timestamp="8 Oct 2024 13:17:03 GMT">
  <testcase classname="Real_Device.Android_Device" name="Real_Device_Automation" time="0.001">
    <error message="Could not start a new session. Response code 500. Message: An unknown server-side error occurred while processing the command. Original error: Error executing adbExec. Original error: &#039;Command &#039;C:\\Users\\arun.kumar\\AppData\\Local\\Android\\Sdk\\platform-tools\\adb.exe -P 5037 -s ff733db7 shell &#039;settings delete global hidden_api_policy_pre_p_apps;settings delete global hidden_api_policy_p_apps;settings delete global hidden_api_policy&#039;&#039; exited with code 255&#039;; Command output: 
Exception occurred while executing &#039;delete&#039;:
java.lang.SecurityException: Permission denial, must have one of: [android.permission.WRITE_SECURE_SETTINGS]
	at com.android.providers.settings.SettingsProvider.enforceHasAtLeastOnePermission(SettingsProvider.java:2645)
	at com.android.providers.settings.SettingsProvider.mutateGlobalSetting(SettingsProvider.java:1608)
	at com.android.providers.settings.SettingsProvider.mutateGlobalSetting(SettingsProvider.java:1600)
	at com.android.providers.settings.SettingsProvider.deleteGlobalSetting(SettingsProvider.java:1571)
	at com.android.providers.settings.SettingsProvider.call(SettingsProvider.java:595)
	at android.content.ContentProvider.call(ContentProvider.java:2716)
	at android.content.ContentProvider$Transport.call(ContentProvider.java:641)
	at com.android.providers.settings.SettingsService$MyShellCommand.deleteForUser(SettingsService.java:411)
	at com.android.providers.settings.SettingsService$MyShellCommand.onCommand(SettingsService.java:285)
	at com.android.modules.utils.BasicShellCommandHandler.exec(BasicShellCommandHandler.java:97)
	at android.os.ShellCommand.exec(ShellCommand.java:38)
	at com.android.providers.settings.SettingsService.onShellCommand(SettingsService.java:53)
	at android.os.Binder.shellCommand(Binder.java:1092)
	at android.os.Binder.onTransact(Binder.java:912)
	at android.os.Binder.execTransactInternal(Binder.java:1392)
	at android.os.Binder.execTransact(Binder.java:1299)

Exception occurred while executing &#039;delete&#039;:
java.lang.SecurityException: Permission denial, must have one of: [android.permission.WRITE_SECURE_SETTINGS]
	at com.android.providers.settings.SettingsProvider.enforceHasAtLeastOnePermission(SettingsProvider.java:2645)
	at com.android.providers.settings.SettingsProvider.mutateGlobalSetting(SettingsProvider.java:1608)
	at com.android.providers.settings.SettingsProvider.mutateGlobalSetting(SettingsProvider.java:1600)
	at com.android.providers.settings.SettingsProvider.deleteGlobalSetting(SettingsProvider.java:1571)
	at com.android.providers.settings.SettingsProvider.call(SettingsProvider.java:595)
	at android.content.ContentProvider.call(ContentProvider.java:2716)
	at android.content.ContentProvider$Transport.call(ContentProvider.java:641)
	at com.android.providers.settings.SettingsService$MyShellCommand.deleteForUser(SettingsService.java:411)
	at com.android.providers.settings.SettingsService$MyShellCommand.onCommand(SettingsService.java:285)
	at com.android.modules.utils.BasicShellCommandHandler.exec(BasicShellCommandHandler.java:97)
	at android.os.ShellCommand.exec(ShellCommand.java:38)
	at com.android.providers.settings.SettingsService.onShellCommand(SettingsService.java:53)
	at android.os.Binder.shellCommand(Binder.java:1092)
	at android.os.Binder.onTransact(Binder.java:912)
	at android.os.Binder.execTransactInternal(Binder.java:1392)
	at android.os.Binder.execTransact(Binder.java:1299)

Exception occurred while executing &#039;delete&#039;:
java.lang.SecurityException: Permission denial, must have one of: [android.permission.WRITE_SECURE_SETTINGS]
	at com.android.providers.settings.SettingsProvider.enforceHasAtLeastOnePermission(SettingsProvider.java:2645)
	at com.android.providers.settings.SettingsProvider.mutateGlobalSetting(SettingsProvider.java:1608)
	at com.android.providers.settings.SettingsProvider.mutateGlobalSetting(SettingsProvider.java:1600)
	at com.android.providers.settings.SettingsProvider.deleteGlobalSetting(SettingsProvider.java:1571)
	at com.android.providers.settings.SettingsProvider.call(SettingsProvider.java:595)
	at android.content.ContentProvider.call(ContentProvider.java:2716)
	at android.content.ContentProvider$Transport.call(ContentProvider.java:641)
	at com.android.providers.settings.SettingsService$MyShellCommand.deleteForUser(SettingsService.java:411)
	at com.android.providers.settings.SettingsService$MyShellCommand.onCommand(SettingsService.java:285)
	at com.android.modules.utils.BasicShellCommandHandler.exec(BasicShellCommandHandler.java:97)
	at android.os.ShellCommand.exec(ShellCommand.java:38)
	at com.android.providers.settings.SettingsService.onShellCommand(SettingsService.java:53)
	at android.os.Binder.shellCommand(Binder.java:1092)
	at android.os.Binder.onTransact(Binder.java:912)
	at android.os.Binder.execTransactInternal(Binder.java:1392)
	at android.os.Binder.execTransact(Binder.java:1299)
 
Host info: host: &#039;SSTLAP357&#039;, ip: &#039;192.168.4.130&#039;
Build info: version: &#039;4.24.0&#039;, revision: &#039;748ffc9bc3&#039;
System info: os.name: &#039;Windows 10&#039;, os.arch: &#039;amd64&#039;, os.version: &#039;10.0&#039;, java.version: &#039;11.0.14&#039;
Driver info: io.appium.java_client.android.AndroidDriver
Command: [null, newSession {capabilities=[Capabilities {appium:app: C:\Users\arun.kumar\eclipse..., appium:automationName: UIAutomator2, appium:deviceName: Android Device, platformName: ANDROID}]}]
Capabilities {appium:app: C:\Users\arun.kumar\eclipse..., appium:automationName: UIAutomator2, appium:deviceName: Android Device, platformName: ANDROID}" type="org.openqa.selenium.SessionNotCreatedException">
      <![CDATA[org.openqa.selenium.SessionNotCreatedException: Could not start a new session. Response code 500. Message: An unknown server-side error occurred while processing the command. Original error: Error executing adbExec. Original error: 'Command 'C:\\Users\\arun.kumar\\AppData\\Local\\Android\\Sdk\\platform-tools\\adb.exe -P 5037 -s ff733db7 shell 'settings delete global hidden_api_policy_pre_p_apps;settings delete global hidden_api_policy_p_apps;settings delete global hidden_api_policy'' exited with code 255'; Command output: 
Exception occurred while executing 'delete':
java.lang.SecurityException: Permission denial, must have one of: [android.permission.WRITE_SECURE_SETTINGS]
	at com.android.providers.settings.SettingsProvider.enforceHasAtLeastOnePermission(SettingsProvider.java:2645)
	at com.android.providers.settings.SettingsProvider.mutateGlobalSetting(SettingsProvider.java:1608)
	at com.android.providers.settings.SettingsProvider.mutateGlobalSetting(SettingsProvider.java:1600)
	at com.android.providers.settings.SettingsProvider.deleteGlobalSetting(SettingsProvider.java:1571)
	at com.android.providers.settings.SettingsProvider.call(SettingsProvider.java:595)
	at android.content.ContentProvider.call(ContentProvider.java:2716)
	at android.content.ContentProvider$Transport.call(ContentProvider.java:641)
	at com.android.providers.settings.SettingsService$MyShellCommand.deleteForUser(SettingsService.java:411)
	at com.android.providers.settings.SettingsService$MyShellCommand.onCommand(SettingsService.java:285)
	at com.android.modules.utils.BasicShellCommandHandler.exec(BasicShellCommandHandler.java:97)
	at android.os.ShellCommand.exec(ShellCommand.java:38)
	at com.android.providers.settings.SettingsService.onShellCommand(SettingsService.java:53)
	at android.os.Binder.shellCommand(Binder.java:1092)
	at android.os.Binder.onTransact(Binder.java:912)
	at android.os.Binder.execTransactInternal(Binder.java:1392)
	at android.os.Binder.execTransact(Binder.java:1299)

Exception occurred while executing 'delete':
java.lang.SecurityException: Permission denial, must have one of: [android.permission.WRITE_SECURE_SETTINGS]
	at com.android.providers.settings.SettingsProvider.enforceHasAtLeastOnePermission(SettingsProvider.java:2645)
	at com.android.providers.settings.SettingsProvider.mutateGlobalSetting(SettingsProvider.java:1608)
	at com.android.providers.settings.SettingsProvider.mutateGlobalSetting(SettingsProvider.java:1600)
	at com.android.providers.settings.SettingsProvider.deleteGlobalSetting(SettingsProvider.java:1571)
	at com.android.providers.settings.SettingsProvider.call(SettingsProvider.java:595)
	at android.content.ContentProvider.call(ContentProvider.java:2716)
	at android.content.ContentProvider$Transport.call(ContentProvider.java:641)
	at com.android.providers.settings.SettingsService$MyShellCommand.deleteForUser(SettingsService.java:411)
	at com.android.providers.settings.SettingsService$MyShellCommand.onCommand(SettingsService.java:285)
	at com.android.modules.utils.BasicShellCommandHandler.exec(BasicShellCommandHandler.java:97)
	at android.os.ShellCommand.exec(ShellCommand.java:38)
	at com.android.providers.settings.SettingsService.onShellCommand(SettingsService.java:53)
	at android.os.Binder.shellCommand(Binder.java:1092)
	at android.os.Binder.onTransact(Binder.java:912)
	at android.os.Binder.execTransactInternal(Binder.java:1392)
	at android.os.Binder.execTransact(Binder.java:1299)

Exception occurred while executing 'delete':
java.lang.SecurityException: Permission denial, must have one of: [android.permission.WRITE_SECURE_SETTINGS]
	at com.android.providers.settings.SettingsProvider.enforceHasAtLeastOnePermission(SettingsProvider.java:2645)
	at com.android.providers.settings.SettingsProvider.mutateGlobalSetting(SettingsProvider.java:1608)
	at com.android.providers.settings.SettingsProvider.mutateGlobalSetting(SettingsProvider.java:1600)
	at com.android.providers.settings.SettingsProvider.deleteGlobalSetting(SettingsProvider.java:1571)
	at com.android.providers.settings.SettingsProvider.call(SettingsProvider.java:595)
	at android.content.ContentProvider.call(ContentProvider.java:2716)
	at android.content.ContentProvider$Transport.call(ContentProvider.java:641)
	at com.android.providers.settings.SettingsService$MyShellCommand.deleteForUser(SettingsService.java:411)
	at com.android.providers.settings.SettingsService$MyShellCommand.onCommand(SettingsService.java:285)
	at com.android.modules.utils.BasicShellCommandHandler.exec(BasicShellCommandHandler.java:97)
	at android.os.ShellCommand.exec(ShellCommand.java:38)
	at com.android.providers.settings.SettingsService.onShellCommand(SettingsService.java:53)
	at android.os.Binder.shellCommand(Binder.java:1092)
	at android.os.Binder.onTransact(Binder.java:912)
	at android.os.Binder.execTransactInternal(Binder.java:1392)
	at android.os.Binder.execTransact(Binder.java:1299)
 
Host info: host: 'SSTLAP357', ip: '192.168.4.130'
Build info: version: '4.24.0', revision: '748ffc9bc3'
System info: os.name: 'Windows 10', os.arch: 'amd64', os.version: '10.0', java.version: '11.0.14'
Driver info: io.appium.java_client.android.AndroidDriver
Command: [null, newSession {capabilities=[Capabilities {appium:app: C:\Users\arun.kumar\eclipse..., appium:automationName: UIAutomator2, appium:deviceName: Android Device, platformName: ANDROID}]}]
Capabilities {appium:app: C:\Users\arun.kumar\eclipse..., appium:automationName: UIAutomator2, appium:deviceName: Android Device, platformName: ANDROID}
	at org.openqa.selenium.remote.ProtocolHandshake.createSession(ProtocolHandshake.java:114)
	at org.openqa.selenium.remote.ProtocolHandshake.createSession(ProtocolHandshake.java:75)
	at org.openqa.selenium.remote.ProtocolHandshake.createSession(ProtocolHandshake.java:61)
	at io.appium.java_client.remote.AppiumCommandExecutor.createSession(AppiumCommandExecutor.java:176)
	at io.appium.java_client.remote.AppiumCommandExecutor.execute(AppiumCommandExecutor.java:237)
	at org.openqa.selenium.remote.RemoteWebDriver.execute(RemoteWebDriver.java:545)
	at io.appium.java_client.AppiumDriver.startSession(AppiumDriver.java:270)
	at org.openqa.selenium.remote.RemoteWebDriver.<init>(RemoteWebDriver.java:174)
	at io.appium.java_client.AppiumDriver.<init>(AppiumDriver.java:91)
	at io.appium.java_client.AppiumDriver.<init>(AppiumDriver.java:103)
	at io.appium.java_client.android.AndroidDriver.<init>(AndroidDriver.java:109)
	at Real_Device.Basic_Class.ConfigureAppium(Basic_Class.java:37)
	at java.base/jdk.internal.reflect.NativeMethodAccessorImpl.invoke0(Native Method)
	at java.base/jdk.internal.reflect.NativeMethodAccessorImpl.invoke(NativeMethodAccessorImpl.java:62)
	at java.base/jdk.internal.reflect.DelegatingMethodAccessorImpl.invoke(DelegatingMethodAccessorImpl.java:43)
	at java.base/java.lang.reflect.Method.invoke(Method.java:566)
	at org.testng.internal.MethodInvocationHelper.invokeMethod(MethodInvocationHelper.java:86)
	at org.testng.internal.Invoker.invokeConfigurationMethod(Invoker.java:514)
	at org.testng.internal.Invoker.invokeConfigurations(Invoker.java:215)
	at org.testng.internal.Invoker.invokeConfigurations(Invoker.java:142)
	at org.testng.internal.TestMethodWorker.invokeBeforeClassMethods(TestMethodWorker.java:178)
	at org.testng.internal.TestMethodWorker.run(TestMethodWorker.java:108)
	at org.testng.TestRunner.privateRun(TestRunner.java:782)
	at org.testng.TestRunner.run(TestRunner.java:632)
	at org.testng.SuiteRunner.runTest(SuiteRunner.java:366)
	at org.testng.SuiteRunner.runSequentially(SuiteRunner.java:361)
	at org.testng.SuiteRunner.privateRun(SuiteRunner.java:319)
	at org.testng.SuiteRunner.run(SuiteRunner.java:268)
	at org.testng.SuiteRunnerWorker.runSuite(SuiteRunnerWorker.java:52)
	at org.testng.SuiteRunnerWorker.run(SuiteRunnerWorker.java:86)
	at org.testng.TestNG.runSuitesSequentially(TestNG.java:1244)
	at org.testng.TestNG.runSuitesLocally(TestNG.java:1169)
	at org.testng.TestNG.run(TestNG.java:1064)
	at org.testng.remote.RemoteTestNG.run(RemoteTestNG.java:113)
	at org.testng.remote.RemoteTestNG.initAndRun(RemoteTestNG.java:206)
	at org.testng.remote.RemoteTestNG.main(RemoteTestNG.java:177)
]]>
    </error>
  </testcase> <!-- Real_Device_Automation -->
</testsuite> <!-- Real_Device.Android_Device -->
